Compiler type: unix
--noopenmp: 0
--forceopenmp: 0
--noxpreprocessor: 0
--forcellvm: 0
--forcegnugcc: 0
Cython found (during compilation)
- Version: 0.29.30
- Locations: <module 'Cython' from '/tmp/pip-build-env-fr9odqge/overlay/lib/python3.9/site-packages/Cython/__init__.py'>
Numpy found (during compilation):
- Version: 1.22.4
- Location: <module 'numpy' from '/tmp/pip-build-env-fr9odqge/overlay/lib/python3.9/site-packages/numpy/__init__.py'>
Checking if gcc redirects to clang
gcc --version # with stdout=-1, stderr=-1, input=, encoding=ascii

Using GNU GCC settings (gcc)
Checking for OpenMP availability for gcc
gcc -dM -E -Xpreprocessor -fopenmp - # with stdout=-1, stderr=-1, input=, encoding=ascii

#define _OPENMP 201511
... found OpenMP
All extensions:
[<setuptools.extension.Extension('dtaidistance.dtw_cc') at 0x7f013f7b8d60>, <setuptools.extension.Extension('dtaidistance.ed_cc') at 0x7f013f71bbe0>, <setuptools.extension.Extension('dtaidistance.dtw_cc_omp') at 0x7f013f71a0a0>, <setuptools.extension.Extension('dtaidistance.dtw_cc_numpy') at 0x7f013f717e20>]
